<?xml version="1.0" encoding="UTF-8"?>
<testsuite name="com.yejin.springboot.web.PostsApiControllerTest" tests="2" skipped="0" failures="0" errors="0" timestamp="2022-05-04T00:54:45" hostname="DESKTOP-49QS9UP" time="0.221">
  <properties/>
  <testcase name="Posts_등록된다" classname="com.yejin.springboot.web.PostsApiControllerTest" time="0.132"/>
  <testcase name="Posts_수정된다" classname="com.yejin.springboot.web.PostsApiControllerTest" time="0.087"/>
  <system-out><![CDATA[2022-05-04 09:54:45.821  INFO 15208 --- [    Test worker] .b.t.c.SpringBootTestContextBootstrapper : Neither @ContextConfiguration nor @ContextHierarchy found for test class [com.yejin.springboot.web.PostsApiControllerTest], using SpringBootContextLoader
2022-05-04 09:54:45.821  INFO 15208 --- [    Test worker] o.s.t.c.support.AbstractContextLoader    : Could not detect default resource locations for test class [com.yejin.springboot.web.PostsApiControllerTest]: no resource found for suffixes {-context.xml, Context.groovy}.
2022-05-04 09:54:45.821  INFO 15208 --- [    Test worker] t.c.s.AnnotationConfigContextLoaderUtils : Could not detect default configuration classes for test class [com.yejin.springboot.web.PostsApiControllerTest]: PostsApiControllerTest does not declare any static, non-private, non-final, nested classes annotated with @Configuration.
2022-05-04 09:54:45.821  INFO 15208 --- [    Test worker] .b.t.c.SpringBootTestContextBootstrapper : Found @SpringBootConfiguration com.yejin.springboot.Application for test class com.yejin.springboot.web.PostsApiControllerTest
2022-05-04 09:54:45.821  INFO 15208 --- [    Test worker] .b.t.c.SpringBootTestContextBootstrapper : Loaded default TestExecutionListener class names from location [META-INF/spring.factories]: [org.springframework.security.test.context.support.WithSecurityContextTestExecutionListener, org.springframework.security.test.context.support.ReactorContextTestExecutionListener, org.springframework.boot.test.autoconfigure.restdocs.RestDocsTestExecutionListener, org.springframework.boot.test.autoconfigure.web.client.MockRestServiceServerResetTestExecutionListener, org.springframework.boot.test.autoconfigure.web.servlet.MockMvcPrintOnlyOnFailureTestExecutionListener, org.springframework.boot.test.autoconfigure.web.servlet.WebDriverTestExecutionListener, org.springframework.boot.test.mock.mockito.MockitoTestExecutionListener, org.springframework.boot.test.mock.mockito.ResetMocksTestExecutionListener, org.springframework.test.context.web.ServletTestExecutionListener, org.springframework.test.context.support.DirtiesContextBeforeModesTestExecutionListener, org.springframework.test.context.support.DependencyInjectionTestExecutionListener, org.springframework.test.context.support.DirtiesContextTestExecutionListener, org.springframework.test.context.transaction.TransactionalTestExecutionListener, org.springframework.test.context.jdbc.SqlScriptsTestExecutionListener, org.springframework.test.context.event.EventPublishingTestExecutionListener]
2022-05-04 09:54:45.821  INFO 15208 --- [    Test worker] .b.t.c.SpringBootTestContextBootstrapper : Using TestExecutionListeners: [org.springframework.test.context.web.ServletTestExecutionListener@6478abf4, org.springframework.test.context.support.DirtiesContextBeforeModesTestExecutionListener@525edbd6, org.springframework.boot.test.mock.mockito.MockitoTestExecutionListener@75bbad14, org.springframework.boot.test.autoconfigure.SpringBootDependencyInjectionTestExecutionListener@411d8673, org.springframework.test.context.support.DirtiesContextTestExecutionListener@601ba2af, org.springframework.test.context.transaction.TransactionalTestExecutionListener@44bf4511, org.springframework.test.context.jdbc.SqlScriptsTestExecutionListener@6c44939f, org.springframework.security.test.context.support.WithSecurityContextTestExecutionListener@41c7ae7a, org.springframework.test.context.event.EventPublishingTestExecutionListener@7c746237, org.springframework.security.test.context.support.ReactorContextTestExecutionListener@425d3765, org.springframework.boot.test.autoconfigure.restdocs.RestDocsTestExecutionListener@acd9cda, org.springframework.boot.test.autoconfigure.web.client.MockRestServiceServerResetTestExecutionListener@76854787, org.springframework.boot.test.autoconfigure.web.servlet.MockMvcPrintOnlyOnFailureTestExecutionListener@293ff6ba, org.springframework.boot.test.autoconfigure.web.servlet.WebDriverTestExecutionListener@2f21ae7, org.springframework.boot.test.mock.mockito.ResetMocksTestExecutionListener@643f6d2f]
2022-05-04 09:54:45.838  INFO 15208 --- [    Test worker] o.a.c.c.C.[Tomcat].[localhost].[/]       : Initializing Spring TestDispatcherServlet ''
2022-05-04 09:54:45.838  INFO 15208 --- [    Test worker] o.s.t.web.servlet.TestDispatcherServlet  : Initializing Servlet ''
2022-05-04 09:54:45.860  INFO 15208 --- [    Test worker] o.s.t.web.servlet.TestDispatcherServlet  : Completed initialization in 22 ms
Hibernate: insert into posts (created_date, modified_date, author, content, title) values (?, ?, ?, ?, ?)
Hibernate: select posts0_.id as id1_0_, posts0_.created_date as created_2_0_, posts0_.modified_date as modified3_0_, posts0_.author as author4_0_, posts0_.content as content5_0_, posts0_.title as title6_0_ from posts posts0_
Hibernate: select posts0_.id as id1_0_, posts0_.created_date as created_2_0_, posts0_.modified_date as modified3_0_, posts0_.author as author4_0_, posts0_.content as content5_0_, posts0_.title as title6_0_ from posts posts0_
Hibernate: delete from posts where id=?
2022-05-04 09:54:45.985  INFO 15208 --- [    Test worker] o.a.c.c.C.[Tomcat].[localhost].[/]       : Initializing Spring TestDispatcherServlet ''
2022-05-04 09:54:45.985  INFO 15208 --- [    Test worker] o.s.t.web.servlet.TestDispatcherServlet  : Initializing Servlet ''
2022-05-04 09:54:45.985  INFO 15208 --- [    Test worker] o.s.t.web.servlet.TestDispatcherServlet  : Completed initialization in 0 ms
Hibernate: insert into posts (created_date, modified_date, author, content, title) values (?, ?, ?, ?, ?)
Hibernate: select posts0_.id as id1_0_0_, posts0_.created_date as created_2_0_0_, posts0_.modified_date as modified3_0_0_, posts0_.author as author4_0_0_, posts0_.content as content5_0_0_, posts0_.title as title6_0_0_ from posts posts0_ where posts0_.id=?
Hibernate: update posts set created_date=?, modified_date=?, author=?, content=?, title=? where id=?
Hibernate: select posts0_.id as id1_0_, posts0_.created_date as created_2_0_, posts0_.modified_date as modified3_0_, posts0_.author as author4_0_, posts0_.content as content5_0_, posts0_.title as title6_0_ from posts posts0_
Hibernate: select posts0_.id as id1_0_, posts0_.created_date as created_2_0_, posts0_.modified_date as modified3_0_, posts0_.author as author4_0_, posts0_.content as content5_0_, posts0_.title as title6_0_ from posts posts0_
Hibernate: delete from posts where id=?
]]></system-out>
  <system-err><![CDATA[]]></system-err>
</testsuite>
