<?xml version="1.0" encoding="UTF-8"?>
<testsuite name="com.yejin.springboot.web.HelloControllerTest" tests="2" skipped="0" failures="0" errors="0" timestamp="2022-05-01T17:04:12" hostname="DESKTOP-49QS9UP" time="0.447">
  <properties/>
  <testcase name="hello가_리턴된다" classname="com.yejin.springboot.web.HelloControllerTest" time="0.174"/>
  <testcase name="helloDto가_리턴된다" classname="com.yejin.springboot.web.HelloControllerTest" time="0.271"/>
  <system-out><![CDATA[2022-05-02 02:04:10.290  INFO 17172 --- [    Test worker] .b.t.a.w.s.WebMvcTestContextBootstrapper : Neither @ContextConfiguration nor @ContextHierarchy found for test class [com.yejin.springboot.web.HelloControllerTest], using SpringBootContextLoader
2022-05-02 02:04:10.291  INFO 17172 --- [    Test worker] o.s.t.c.support.AbstractContextLoader    : Could not detect default resource locations for test class [com.yejin.springboot.web.HelloControllerTest]: no resource found for suffixes {-context.xml, Context.groovy}.
2022-05-02 02:04:10.292  INFO 17172 --- [    Test worker] t.c.s.AnnotationConfigContextLoaderUtils : Could not detect default configuration classes for test class [com.yejin.springboot.web.HelloControllerTest]: HelloControllerTest does not declare any static, non-private, non-final, nested classes annotated with @Configuration.
2022-05-02 02:04:10.310  INFO 17172 --- [    Test worker] .b.t.c.SpringBootTestContextBootstrapper : Found @SpringBootConfiguration com.yejin.springboot.Application for test class com.yejin.springboot.web.HelloControllerTest
2022-05-02 02:04:10.311  INFO 17172 --- [    Test worker] .b.t.a.w.s.WebMvcTestContextBootstrapper : Loaded default TestExecutionListener class names from location [META-INF/spring.factories]: [org.springframework.security.test.context.support.WithSecurityContextTestExecutionListener, org.springframework.security.test.context.support.ReactorContextTestExecutionListener, org.springframework.boot.test.autoconfigure.restdocs.RestDocsTestExecutionListener, org.springframework.boot.test.autoconfigure.web.client.MockRestServiceServerResetTestExecutionListener, org.springframework.boot.test.autoconfigure.web.servlet.MockMvcPrintOnlyOnFailureTestExecutionListener, org.springframework.boot.test.autoconfigure.web.servlet.WebDriverTestExecutionListener, org.springframework.boot.test.mock.mockito.MockitoTestExecutionListener, org.springframework.boot.test.mock.mockito.ResetMocksTestExecutionListener, org.springframework.test.context.web.ServletTestExecutionListener, org.springframework.test.context.support.DirtiesContextBeforeModesTestExecutionListener, org.springframework.test.context.support.DependencyInjectionTestExecutionListener, org.springframework.test.context.support.DirtiesContextTestExecutionListener, org.springframework.test.context.transaction.TransactionalTestExecutionListener, org.springframework.test.context.jdbc.SqlScriptsTestExecutionListener, org.springframework.test.context.event.EventPublishingTestExecutionListener]
2022-05-02 02:04:10.311  INFO 17172 --- [    Test worker] .b.t.a.w.s.WebMvcTestContextBootstrapper : Using TestExecutionListeners: [org.springframework.test.context.web.ServletTestExecutionListener@7adf7a65, org.springframework.test.context.support.DirtiesContextBeforeModesTestExecutionListener@58a6a74b, org.springframework.boot.test.mock.mockito.MockitoTestExecutionListener@454c6534, org.springframework.boot.test.autoconfigure.SpringBootDependencyInjectionTestExecutionListener@2a4e741d, org.springframework.test.context.support.DirtiesContextTestExecutionListener@2bc33f63, org.springframework.test.context.transaction.TransactionalTestExecutionListener@46b259af, org.springframework.test.context.jdbc.SqlScriptsTestExecutionListener@6071e188, org.springframework.security.test.context.support.WithSecurityContextTestExecutionListener@39469f07, org.springframework.test.context.event.EventPublishingTestExecutionListener@b4c976b, org.springframework.security.test.context.support.ReactorContextTestExecutionListener@5f67d88c, org.springframework.boot.test.autoconfigure.restdocs.RestDocsTestExecutionListener@30f51f49, org.springframework.boot.test.autoconfigure.web.client.MockRestServiceServerResetTestExecutionListener@3dc600f7, org.springframework.boot.test.autoconfigure.web.servlet.MockMvcPrintOnlyOnFailureTestExecutionListener@52de2feb, org.springframework.boot.test.autoconfigure.web.servlet.WebDriverTestExecutionListener@339c3e84, org.springframework.boot.test.mock.mockito.ResetMocksTestExecutionListener@2b0b70e9]

  .   ____          _            __ _ _
 /\\ / ___'_ __ _ _(_)_ __  __ _ \ \ \ \
( ( )\___ | '_ | '_| | '_ \/ _` | \ \ \ \
 \\/  ___)| |_)| | | | | || (_| |  ) ) ) )
  '  |____| .__|_| |_|_| |_\__, | / / / /
 =========|_|==============|___/=/_/_/_/
 :: Spring Boot ::        (v2.2.0.RELEASE)

2022-05-02 02:04:10.379  INFO 17172 --- [    Test worker] c.y.springboot.web.HelloControllerTest   : Starting HelloControllerTest on DESKTOP-49QS9UP with PID 17172 (started by YEJIN in C:\IntelliJ\springboot-webservice)
2022-05-02 02:04:10.379  INFO 17172 --- [    Test worker] c.y.springboot.web.HelloControllerTest   : No active profile set, falling back to default profiles: default
2022-05-02 02:04:11.251  INFO 17172 --- [    Test worker] o.s.s.concurrent.ThreadPoolTaskExecutor  : Initializing ExecutorService 'applicationTaskExecutor'
2022-05-02 02:04:11.458  INFO 17172 --- [    Test worker] o.s.b.a.w.s.WelcomePageHandlerMapping    : Adding welcome page template: index
2022-05-02 02:04:11.828  INFO 17172 --- [    Test worker] .s.s.UserDetailsServiceAutoConfiguration : 

Using generated security password: c896aa27-53fe-4534-9d47-4fbad59ffa55

2022-05-02 02:04:12.135  INFO 17172 --- [    Test worker] o.s.s.web.DefaultSecurityFilterChain     : Creating filter chain: any request, [org.springframework.security.web.context.request.async.WebAsyncManagerIntegrationFilter@d939872, org.springframework.security.web.context.SecurityContextPersistenceFilter@62a077d1, org.springframework.security.web.header.HeaderWriterFilter@715e4b3f, org.springframework.security.web.csrf.CsrfFilter@51209360, org.springframework.security.web.authentication.logout.LogoutFilter@771a68, org.springframework.security.web.authentication.UsernamePasswordAuthenticationFilter@36e20e77, org.springframework.security.web.authentication.ui.DefaultLoginPageGeneratingFilter@3ab8eda1, org.springframework.security.web.authentication.ui.DefaultLogoutPageGeneratingFilter@2ab808e6, org.springframework.security.web.authentication.www.BasicAuthenticationFilter@3e1a8dfd, org.springframework.security.web.savedrequest.RequestCacheAwareFilter@1e4443ef, org.springframework.security.web.servletapi.SecurityContextHolderAwareRequestFilter@1dc0e4ab, org.springframework.security.web.authentication.AnonymousAuthenticationFilter@40270d29, org.springframework.security.web.session.SessionManagementFilter@24306de7, org.springframework.security.web.access.ExceptionTranslationFilter@f9e60da, org.springframework.security.web.access.intercept.FilterSecurityInterceptor@3ba12706]
2022-05-02 02:04:12.219  INFO 17172 --- [    Test worker] o.s.b.t.m.w.SpringBootMockServletContext : Initializing Spring TestDispatcherServlet ''
2022-05-02 02:04:12.219  INFO 17172 --- [    Test worker] o.s.t.web.servlet.TestDispatcherServlet  : Initializing Servlet ''
2022-05-02 02:04:12.246  INFO 17172 --- [    Test worker] o.s.t.web.servlet.TestDispatcherServlet  : Completed initialization in 27 ms
2022-05-02 02:04:12.318  INFO 17172 --- [    Test worker] c.y.springboot.web.HelloControllerTest   : Started HelloControllerTest in 2.001 seconds (JVM running for 18.993)
]]></system-out>
  <system-err><![CDATA[]]></system-err>
</testsuite>
