<?xml version="1.0" encoding="UTF-8"?>
<testsuite name="com.yejin.springboot.web.domain.posts.PostsRepositoryTest" tests="2" skipped="0" failures="0" errors="0" timestamp="2022-05-01T17:04:09" hostname="DESKTOP-49QS9UP" time="0.3">
  <properties/>
  <testcase name="게시글저장_불러오기" classname="com.yejin.springboot.web.domain.posts.PostsRepositoryTest" time="0.279"/>
  <testcase name="BaseTimeEntity_등록" classname="com.yejin.springboot.web.domain.posts.PostsRepositoryTest" time="0.02"/>
  <system-out><![CDATA[2022-05-02 02:04:05.759  INFO 17172 --- [    Test worker] .b.t.c.SpringBootTestContextBootstrapper : Neither @ContextConfiguration nor @ContextHierarchy found for test class [com.yejin.springboot.web.domain.posts.PostsRepositoryTest], using SpringBootContextLoader
2022-05-02 02:04:05.767  INFO 17172 --- [    Test worker] o.s.t.c.support.AbstractContextLoader    : Could not detect default resource locations for test class [com.yejin.springboot.web.domain.posts.PostsRepositoryTest]: no resource found for suffixes {-context.xml, Context.groovy}.
2022-05-02 02:04:05.767  INFO 17172 --- [    Test worker] t.c.s.AnnotationConfigContextLoaderUtils : Could not detect default configuration classes for test class [com.yejin.springboot.web.domain.posts.PostsRepositoryTest]: PostsRepositoryTest does not declare any static, non-private, non-final, nested classes annotated with @Configuration.
2022-05-02 02:04:05.806  INFO 17172 --- [    Test worker] .b.t.c.SpringBootTestContextBootstrapper : Found @SpringBootConfiguration com.yejin.springboot.Application for test class com.yejin.springboot.web.domain.posts.PostsRepositoryTest
2022-05-02 02:04:05.810  INFO 17172 --- [    Test worker] .b.t.c.SpringBootTestContextBootstrapper : Loaded default TestExecutionListener class names from location [META-INF/spring.factories]: [org.springframework.security.test.context.support.WithSecurityContextTestExecutionListener, org.springframework.security.test.context.support.ReactorContextTestExecutionListener, org.springframework.boot.test.autoconfigure.restdocs.RestDocsTestExecutionListener, org.springframework.boot.test.autoconfigure.web.client.MockRestServiceServerResetTestExecutionListener, org.springframework.boot.test.autoconfigure.web.servlet.MockMvcPrintOnlyOnFailureTestExecutionListener, org.springframework.boot.test.autoconfigure.web.servlet.WebDriverTestExecutionListener, org.springframework.boot.test.mock.mockito.MockitoTestExecutionListener, org.springframework.boot.test.mock.mockito.ResetMocksTestExecutionListener, org.springframework.test.context.web.ServletTestExecutionListener, org.springframework.test.context.support.DirtiesContextBeforeModesTestExecutionListener, org.springframework.test.context.support.DependencyInjectionTestExecutionListener, org.springframework.test.context.support.DirtiesContextTestExecutionListener, org.springframework.test.context.transaction.TransactionalTestExecutionListener, org.springframework.test.context.jdbc.SqlScriptsTestExecutionListener, org.springframework.test.context.event.EventPublishingTestExecutionListener]
2022-05-02 02:04:05.810  INFO 17172 --- [    Test worker] .b.t.c.SpringBootTestContextBootstrapper : Using TestExecutionListeners: [org.springframework.test.context.web.ServletTestExecutionListener@439eff41, org.springframework.test.context.support.DirtiesContextBeforeModesTestExecutionListener@5b6fe0ef, org.springframework.boot.test.mock.mockito.MockitoTestExecutionListener@3085ec9e, org.springframework.boot.test.autoconfigure.SpringBootDependencyInjectionTestExecutionListener@5da333e1, org.springframework.test.context.support.DirtiesContextTestExecutionListener@69f3bbe3, org.springframework.test.context.transaction.TransactionalTestExecutionListener@4dbf56aa, org.springframework.test.context.jdbc.SqlScriptsTestExecutionListener@52c1b29f, org.springframework.security.test.context.support.WithSecurityContextTestExecutionListener@1639bf1d, org.springframework.test.context.event.EventPublishingTestExecutionListener@6261229a, org.springframework.security.test.context.support.ReactorContextTestExecutionListener@555c327a, org.springframework.boot.test.autoconfigure.restdocs.RestDocsTestExecutionListener@a563704, org.springframework.boot.test.autoconfigure.web.client.MockRestServiceServerResetTestExecutionListener@51ccb004, org.springframework.boot.test.autoconfigure.web.servlet.MockMvcPrintOnlyOnFailureTestExecutionListener@3a522d55, org.springframework.boot.test.autoconfigure.web.servlet.WebDriverTestExecutionListener@ea90787, org.springframework.boot.test.mock.mockito.ResetMocksTestExecutionListener@357cff41]

  .   ____          _            __ _ _
 /\\ / ___'_ __ _ _(_)_ __  __ _ \ \ \ \
( ( )\___ | '_ | '_| | '_ \/ _` | \ \ \ \
 \\/  ___)| |_)| | | | | || (_| |  ) ) ) )
  '  |____| .__|_| |_|_| |_\__, | / / / /
 =========|_|==============|___/=/_/_/_/
 :: Spring Boot ::        (v2.2.0.RELEASE)

2022-05-02 02:04:05.877  INFO 17172 --- [    Test worker] c.y.s.w.d.posts.PostsRepositoryTest      : Starting PostsRepositoryTest on DESKTOP-49QS9UP with PID 17172 (started by YEJIN in C:\IntelliJ\springboot-webservice)
2022-05-02 02:04:05.877  INFO 17172 --- [    Test worker] c.y.s.w.d.posts.PostsRepositoryTest      : No active profile set, falling back to default profiles: default
2022-05-02 02:04:06.389  INFO 17172 --- [    Test worker] .s.d.r.c.RepositoryConfigurationDelegate : Bootstrapping Spring Data repositories in DEFAULT mode.
2022-05-02 02:04:06.441  INFO 17172 --- [    Test worker] .s.d.r.c.RepositoryConfigurationDelegate : Finished Spring Data repository scanning in 50ms. Found 2 repository interfaces.
2022-05-02 02:04:06.869  INFO 17172 --- [    Test worker] trationDelegate$BeanPostProcessorChecker : Bean 'org.springframework.transaction.annotation.ProxyTransactionManagementConfiguration' of type [org.springframework.transaction.annotation.ProxyTransactionManagementConfiguration] is not eligible for getting processed by all BeanPostProcessors (for example: not eligible for auto-proxying)
2022-05-02 02:04:07.247  INFO 17172 --- [    Test worker] com.zaxxer.hikari.HikariDataSource       : HikariPool-2 - Starting...
2022-05-02 02:04:07.269  INFO 17172 --- [    Test worker] com.zaxxer.hikari.HikariDataSource       : HikariPool-2 - Start completed.
2022-05-02 02:04:07.323  INFO 17172 --- [    Test worker] o.hibernate.jpa.internal.util.LogHelper  : HHH000204: Processing PersistenceUnitInfo [name: default]
2022-05-02 02:04:07.586  INFO 17172 --- [    Test worker] org.hibernate.dialect.Dialect            : HHH000400: Using dialect: org.hibernate.dialect.MySQL5InnoDBDialect
Hibernate: drop table if exists posts
Hibernate: drop table if exists user
Hibernate: create table posts (id bigint not null auto_increment, created_date datetime, modified_date datetime, author varchar(255), content TEXT not null, title varchar(500) not null, primary key (id)) engine=InnoDB
Hibernate: create table user (id bigint not null auto_increment, created_date datetime, modified_date datetime, email varchar(255) not null, name varchar(255) not null, pictures varchar(255), role varchar(255) not null, primary key (id)) engine=InnoDB
2022-05-02 02:04:07.777  INFO 17172 --- [    Test worker] o.h.e.t.j.p.i.JtaPlatformInitiator       : HHH000490: Using JtaPlatform implementation: [org.hibernate.engine.transaction.jta.platform.internal.NoJtaPlatform]
2022-05-02 02:04:07.777  INFO 17172 --- [    Test worker] j.LocalContainerEntityManagerFactoryBean : Initialized JPA EntityManagerFactory for persistence unit 'default'
2022-05-02 02:04:08.089  WARN 17172 --- [    Test worker] JpaBaseConfiguration$JpaWebConfiguration : spring.jpa.open-in-view is enabled by default. Therefore, database queries may be performed during view rendering. Explicitly configure spring.jpa.open-in-view to disable this warning
2022-05-02 02:04:08.699  INFO 17172 --- [    Test worker] o.s.s.web.DefaultSecurityFilterChain     : Creating filter chain: any request, [org.springframework.security.web.context.request.async.WebAsyncManagerIntegrationFilter@68d2ef28, org.springframework.security.web.context.SecurityContextPersistenceFilter@40fe82f6, org.springframework.security.web.header.HeaderWriterFilter@1f2d3ee1, org.springframework.security.web.authentication.logout.LogoutFilter@47368590, org.springframework.security.oauth2.client.web.OAuth2AuthorizationRequestRedirectFilter@220e889a, org.springframework.security.oauth2.client.web.OAuth2LoginAuthenticationFilter@59f53b8e, org.springframework.security.web.authentication.ui.DefaultLoginPageGeneratingFilter@7f8cf9de, org.springframework.security.web.authentication.ui.DefaultLogoutPageGeneratingFilter@39e36806, org.springframework.security.web.savedrequest.RequestCacheAwareFilter@4079925b, org.springframework.security.web.servletapi.SecurityContextHolderAwareRequestFilter@36d57683, org.springframework.security.web.authentication.AnonymousAuthenticationFilter@6f7f7df8, org.springframework.security.web.session.SessionManagementFilter@2edce99e, org.springframework.security.web.access.ExceptionTranslationFilter@573ae7bd, org.springframework.security.web.access.intercept.FilterSecurityInterceptor@61b61ade]
2022-05-02 02:04:09.327  INFO 17172 --- [    Test worker] o.s.s.concurrent.ThreadPoolTaskExecutor  : Initializing ExecutorService 'applicationTaskExecutor'
2022-05-02 02:04:09.399  INFO 17172 --- [    Test worker] o.s.b.a.w.s.WelcomePageHandlerMapping    : Adding welcome page template: index
2022-05-02 02:04:09.699  INFO 17172 --- [    Test worker] o.s.b.a.h2.H2ConsoleAutoConfiguration    : H2 console available at '/h2-console'. Database available at 'jdbc:h2:mem:testdb'
2022-05-02 02:04:09.937  INFO 17172 --- [    Test worker] s.a.ScheduledAnnotationBeanPostProcessor : No TaskScheduler/ScheduledExecutorService bean found for scheduled processing
2022-05-02 02:04:09.939  INFO 17172 --- [    Test worker] c.y.s.w.d.posts.PostsRepositoryTest      : Started PostsRepositoryTest in 4.106 seconds (JVM running for 16.612)
Hibernate: insert into posts (created_date, modified_date, author, content, title) values (?, ?, ?, ?, ?)
Hibernate: select posts0_.id as id1_0_, posts0_.created_date as created_2_0_, posts0_.modified_date as modified3_0_, posts0_.author as author4_0_, posts0_.content as content5_0_, posts0_.title as title6_0_ from posts posts0_
Hibernate: select posts0_.id as id1_0_, posts0_.created_date as created_2_0_, posts0_.modified_date as modified3_0_, posts0_.author as author4_0_, posts0_.content as content5_0_, posts0_.title as title6_0_ from posts posts0_
Hibernate: delete from posts where id=?
Hibernate: insert into posts (created_date, modified_date, author, content, title) values (?, ?, ?, ?, ?)
Hibernate: select posts0_.id as id1_0_, posts0_.created_date as created_2_0_, posts0_.modified_date as modified3_0_, posts0_.author as author4_0_, posts0_.content as content5_0_, posts0_.title as title6_0_ from posts posts0_
>>> createDate=2022-05-02T02:04:10.254, modifiedDate=2022-05-02T02:04:10.254
Hibernate: select posts0_.id as id1_0_, posts0_.created_date as created_2_0_, posts0_.modified_date as modified3_0_, posts0_.author as author4_0_, posts0_.content as content5_0_, posts0_.title as title6_0_ from posts posts0_
Hibernate: delete from posts where id=?
]]></system-out>
  <system-err><![CDATA[]]></system-err>
</testsuite>
