<?xml version="1.0" encoding="UTF-8"?>
<testsuite name="com.yejin.springboot.web.IndexControllerTest" tests="1" skipped="0" failures="0" errors="0" timestamp="2022-05-04T00:54:45" hostname="DESKTOP-49QS9UP" time="0.29">
  <properties/>
  <testcase name="메인페이지_로딩" classname="com.yejin.springboot.web.IndexControllerTest" time="0.29"/>
  <system-out><![CDATA[2022-05-04 09:54:41.842  INFO 15208 --- [    Test worker] .b.t.c.SpringBootTestContextBootstrapper : Neither @ContextConfiguration nor @ContextHierarchy found for test class [com.yejin.springboot.web.IndexControllerTest], using SpringBootContextLoader
2022-05-04 09:54:41.842  INFO 15208 --- [    Test worker] o.s.t.c.support.AbstractContextLoader    : Could not detect default resource locations for test class [com.yejin.springboot.web.IndexControllerTest]: no resource found for suffixes {-context.xml, Context.groovy}.
2022-05-04 09:54:41.842  INFO 15208 --- [    Test worker] t.c.s.AnnotationConfigContextLoaderUtils : Could not detect default configuration classes for test class [com.yejin.springboot.web.IndexControllerTest]: IndexControllerTest does not declare any static, non-private, non-final, nested classes annotated with @Configuration.
2022-05-04 09:54:41.853  INFO 15208 --- [    Test worker] .b.t.c.SpringBootTestContextBootstrapper : Found @SpringBootConfiguration com.yejin.springboot.Application for test class com.yejin.springboot.web.IndexControllerTest
2022-05-04 09:54:41.853  INFO 15208 --- [    Test worker] .b.t.c.SpringBootTestContextBootstrapper : Loaded default TestExecutionListener class names from location [META-INF/spring.factories]: [org.springframework.security.test.context.support.WithSecurityContextTestExecutionListener, org.springframework.security.test.context.support.ReactorContextTestExecutionListener, org.springframework.boot.test.autoconfigure.restdocs.RestDocsTestExecutionListener, org.springframework.boot.test.autoconfigure.web.client.MockRestServiceServerResetTestExecutionListener, org.springframework.boot.test.autoconfigure.web.servlet.MockMvcPrintOnlyOnFailureTestExecutionListener, org.springframework.boot.test.autoconfigure.web.servlet.WebDriverTestExecutionListener, org.springframework.boot.test.mock.mockito.MockitoTestExecutionListener, org.springframework.boot.test.mock.mockito.ResetMocksTestExecutionListener, org.springframework.test.context.web.ServletTestExecutionListener, org.springframework.test.context.support.DirtiesContextBeforeModesTestExecutionListener, org.springframework.test.context.support.DependencyInjectionTestExecutionListener, org.springframework.test.context.support.DirtiesContextTestExecutionListener, org.springframework.test.context.transaction.TransactionalTestExecutionListener, org.springframework.test.context.jdbc.SqlScriptsTestExecutionListener, org.springframework.test.context.event.EventPublishingTestExecutionListener]
2022-05-04 09:54:41.853  INFO 15208 --- [    Test worker] .b.t.c.SpringBootTestContextBootstrapper : Using TestExecutionListeners: [org.springframework.test.context.web.ServletTestExecutionListener@5bd62700, org.springframework.test.context.support.DirtiesContextBeforeModesTestExecutionListener@3e7f0821, org.springframework.boot.test.mock.mockito.MockitoTestExecutionListener@1b126b85, org.springframework.boot.test.autoconfigure.SpringBootDependencyInjectionTestExecutionListener@4557381f, org.springframework.test.context.support.DirtiesContextTestExecutionListener@2fd3f992, org.springframework.test.context.transaction.TransactionalTestExecutionListener@692bc249, org.springframework.test.context.jdbc.SqlScriptsTestExecutionListener@61edd2aa, org.springframework.security.test.context.support.WithSecurityContextTestExecutionListener@1d868948, org.springframework.test.context.event.EventPublishingTestExecutionListener@2d29ec03, org.springframework.security.test.context.support.ReactorContextTestExecutionListener@1aa75a65, org.springframework.boot.test.autoconfigure.restdocs.RestDocsTestExecutionListener@15d0b319, org.springframework.boot.test.autoconfigure.web.client.MockRestServiceServerResetTestExecutionListener@3cb5a422, org.springframework.boot.test.autoconfigure.web.servlet.MockMvcPrintOnlyOnFailureTestExecutionListener@5e9e1e43, org.springframework.boot.test.autoconfigure.web.servlet.WebDriverTestExecutionListener@7e4a1387, org.springframework.boot.test.mock.mockito.ResetMocksTestExecutionListener@6e123f2c]

  .   ____          _            __ _ _
 /\\ / ___'_ __ _ _(_)_ __  __ _ \ \ \ \
( ( )\___ | '_ | '_| | '_ \/ _` | \ \ \ \
 \\/  ___)| |_)| | | | | || (_| |  ) ) ) )
  '  |____| .__|_| |_|_| |_\__, | / / / /
 =========|_|==============|___/=/_/_/_/
 :: Spring Boot ::        (v2.2.0.RELEASE)

2022-05-04 09:54:41.916  INFO 15208 --- [    Test worker] c.y.springboot.web.IndexControllerTest   : Starting IndexControllerTest on DESKTOP-49QS9UP with PID 15208 (started by YEJIN in C:\IntelliJ\springboot-webservice)
2022-05-04 09:54:41.916  INFO 15208 --- [    Test worker] c.y.springboot.web.IndexControllerTest   : No active profile set, falling back to default profiles: default
2022-05-04 09:54:42.422  INFO 15208 --- [    Test worker] .s.d.r.c.RepositoryConfigurationDelegate : Bootstrapping Spring Data repositories in DEFAULT mode.
2022-05-04 09:54:42.456  INFO 15208 --- [    Test worker] .s.d.r.c.RepositoryConfigurationDelegate : Finished Spring Data repository scanning in 42ms. Found 2 repository interfaces.
2022-05-04 09:54:42.706  INFO 15208 --- [    Test worker] trationDelegate$BeanPostProcessorChecker : Bean 'org.springframework.transaction.annotation.ProxyTransactionManagementConfiguration' of type [org.springframework.transaction.annotation.ProxyTransactionManagementConfiguration] is not eligible for getting processed by all BeanPostProcessors (for example: not eligible for auto-proxying)
2022-05-04 09:54:43.151  INFO 15208 --- [    Test worker] o.s.b.w.embedded.tomcat.TomcatWebServer  : Tomcat initialized with port(s): 0 (http)
2022-05-04 09:54:43.184  INFO 15208 --- [    Test worker] o.apache.catalina.core.StandardService   : Starting service [Tomcat]
2022-05-04 09:54:43.184  INFO 15208 --- [    Test worker] org.apache.catalina.core.StandardEngine  : Starting Servlet engine: [Apache Tomcat/9.0.27]
2022-05-04 09:54:43.432  INFO 15208 --- [    Test worker] o.a.c.c.C.[Tomcat].[localhost].[/]       : Initializing Spring embedded WebApplicationContext
2022-05-04 09:54:43.432  INFO 15208 --- [    Test worker] o.s.web.context.ContextLoader            : Root WebApplicationContext: initialization completed in 1497 ms
2022-05-04 09:54:43.501  INFO 15208 --- [    Test worker] com.zaxxer.hikari.HikariDataSource       : HikariPool-2 - Starting...
2022-05-04 09:54:43.501  INFO 15208 --- [    Test worker] com.zaxxer.hikari.HikariDataSource       : HikariPool-2 - Start completed.
2022-05-04 09:54:43.501  INFO 15208 --- [    Test worker] o.s.b.a.h2.H2ConsoleAutoConfiguration    : H2 console available at '/h2-console'. Database available at 'jdbc:h2:mem:testdb'
2022-05-04 09:54:43.736  INFO 15208 --- [    Test worker] o.hibernate.jpa.internal.util.LogHelper  : HHH000204: Processing PersistenceUnitInfo [name: default]
2022-05-04 09:54:43.754  INFO 15208 --- [    Test worker] org.hibernate.dialect.Dialect            : HHH000400: Using dialect: org.hibernate.dialect.MySQL5InnoDBDialect
Hibernate: drop table if exists posts
Hibernate: drop table if exists user
Hibernate: create table posts (id bigint not null auto_increment, created_date datetime, modified_date datetime, author varchar(255), content TEXT not null, title varchar(500) not null, primary key (id)) engine=InnoDB
Hibernate: create table user (id bigint not null auto_increment, created_date datetime, modified_date datetime, email varchar(255) not null, name varchar(255) not null, pictures varchar(255), role varchar(255) not null, primary key (id)) engine=InnoDB
2022-05-04 09:54:43.870  INFO 15208 --- [    Test worker] o.h.e.t.j.p.i.JtaPlatformInitiator       : HHH000490: Using JtaPlatform implementation: [org.hibernate.engine.transaction.jta.platform.internal.NoJtaPlatform]
2022-05-04 09:54:43.870  INFO 15208 --- [    Test worker] j.LocalContainerEntityManagerFactoryBean : Initialized JPA EntityManagerFactory for persistence unit 'default'
2022-05-04 09:54:44.325  WARN 15208 --- [    Test worker] JpaBaseConfiguration$JpaWebConfiguration : spring.jpa.open-in-view is enabled by default. Therefore, database queries may be performed during view rendering. Explicitly configure spring.jpa.open-in-view to disable this warning
2022-05-04 09:54:44.680  INFO 15208 --- [    Test worker] o.s.s.web.DefaultSecurityFilterChain     : Creating filter chain: any request, [org.springframework.security.web.context.request.async.WebAsyncManagerIntegrationFilter@73e45894, org.springframework.security.web.context.SecurityContextPersistenceFilter@737ef940, org.springframework.security.web.header.HeaderWriterFilter@47453e9d, org.springframework.security.web.authentication.logout.LogoutFilter@4d7697bf, org.springframework.security.oauth2.client.web.OAuth2AuthorizationRequestRedirectFilter@22f5bb9c, org.springframework.security.oauth2.client.web.OAuth2LoginAuthenticationFilter@6d1f082b, org.springframework.security.web.authentication.ui.DefaultLoginPageGeneratingFilter@6f8eaab5, org.springframework.security.web.authentication.ui.DefaultLogoutPageGeneratingFilter@57109a0f, org.springframework.security.web.savedrequest.RequestCacheAwareFilter@58dfd63b, org.springframework.security.web.servletapi.SecurityContextHolderAwareRequestFilter@3680ba6b, org.springframework.security.web.authentication.AnonymousAuthenticationFilter@5836f22a, org.springframework.security.web.session.SessionManagementFilter@341da95f, org.springframework.security.web.access.ExceptionTranslationFilter@111753bf, org.springframework.security.web.access.intercept.FilterSecurityInterceptor@3e73447b]
2022-05-04 09:54:45.015  INFO 15208 --- [    Test worker] o.s.s.concurrent.ThreadPoolTaskExecutor  : Initializing ExecutorService 'applicationTaskExecutor'
2022-05-04 09:54:45.101  INFO 15208 --- [    Test worker] o.s.b.a.w.s.WelcomePageHandlerMapping    : Adding welcome page template: index
2022-05-04 09:54:45.484  INFO 15208 --- [    Test worker] s.a.ScheduledAnnotationBeanPostProcessor : No TaskScheduler/ScheduledExecutorService bean found for scheduled processing
2022-05-04 09:54:45.506  INFO 15208 --- [    Test worker] o.s.b.w.embedded.tomcat.TomcatWebServer  : Tomcat started on port(s): 52696 (http) with context path ''
2022-05-04 09:54:45.506  INFO 15208 --- [    Test worker] c.y.springboot.web.IndexControllerTest   : Started IndexControllerTest in 3.657 seconds (JVM running for 18.329)
2022-05-04 09:54:45.676  INFO 15208 --- [o-auto-1-exec-1] o.a.c.c.C.[Tomcat].[localhost].[/]       : Initializing Spring DispatcherServlet 'dispatcherServlet'
2022-05-04 09:54:45.676  INFO 15208 --- [o-auto-1-exec-1] o.s.web.servlet.DispatcherServlet        : Initializing Servlet 'dispatcherServlet'
2022-05-04 09:54:45.691  INFO 15208 --- [o-auto-1-exec-1] o.s.web.servlet.DispatcherServlet        : Completed initialization in 15 ms
Hibernate: select posts0_.id as id1_0_, posts0_.created_date as created_2_0_, posts0_.modified_date as modified3_0_, posts0_.author as author4_0_, posts0_.content as content5_0_, posts0_.title as title6_0_ from posts posts0_ order by posts0_.id DESC
]]></system-out>
  <system-err><![CDATA[]]></system-err>
</testsuite>
