<?xml version="1.0" encoding="UTF-8"?>
<testsuite name="com.yejin.springboot.web.IndexControllerTest" tests="1" skipped="0" failures="0" errors="0" timestamp="2022-05-01T17:04:04" hostname="DESKTOP-49QS9UP" time="1.016">
  <properties/>
  <testcase name="메인페이지_로딩" classname="com.yejin.springboot.web.IndexControllerTest" time="1.016"/>
  <system-out><![CDATA[02:03:54.834 [Test worker] DEBUG org.springframework.test.context.junit4.SpringJUnit4ClassRunner - SpringJUnit4ClassRunner constructor called with [class com.yejin.springboot.web.IndexControllerTest]
02:03:54.841 [Test worker] DEBUG org.springframework.test.context.BootstrapUtils - Instantiating CacheAwareContextLoaderDelegate from class [org.springframework.test.context.cache.DefaultCacheAwareContextLoaderDelegate]
02:03:54.848 [Test worker] DEBUG org.springframework.test.context.BootstrapUtils - Instantiating BootstrapContext using constructor [public org.springframework.test.context.support.DefaultBootstrapContext(java.lang.Class,org.springframework.test.context.CacheAwareContextLoaderDelegate)]
02:03:54.887 [Test worker] DEBUG org.springframework.test.context.BootstrapUtils - Instantiating TestContextBootstrapper for test class [com.yejin.springboot.web.IndexControllerTest] from class [org.springframework.boot.test.context.SpringBootTestContextBootstrapper]
02:03:54.911 [Test worker] INFO org.springframework.boot.test.context.SpringBootTestContextBootstrapper - Neither @ContextConfiguration nor @ContextHierarchy found for test class [com.yejin.springboot.web.IndexControllerTest], using SpringBootContextLoader
02:03:54.918 [Test worker] DEBUG org.springframework.test.context.support.AbstractContextLoader - Did not detect default resource location for test class [com.yejin.springboot.web.IndexControllerTest]: class path resource [com/yejin/springboot/web/IndexControllerTest-context.xml] does not exist
02:03:54.918 [Test worker] DEBUG org.springframework.test.context.support.AbstractContextLoader - Did not detect default resource location for test class [com.yejin.springboot.web.IndexControllerTest]: class path resource [com/yejin/springboot/web/IndexControllerTestContext.groovy] does not exist
02:03:54.919 [Test worker] INFO org.springframework.test.context.support.AbstractContextLoader - Could not detect default resource locations for test class [com.yejin.springboot.web.IndexControllerTest]: no resource found for suffixes {-context.xml, Context.groovy}.
02:03:54.921 [Test worker] INFO org.springframework.test.context.support.AnnotationConfigContextLoaderUtils - Could not detect default configuration classes for test class [com.yejin.springboot.web.IndexControllerTest]: IndexControllerTest does not declare any static, non-private, non-final, nested classes annotated with @Configuration.
02:03:54.979 [Test worker] DEBUG org.springframework.test.context.support.ActiveProfilesUtils - Could not find an 'annotation declaring class' for annotation type [org.springframework.test.context.ActiveProfiles] and class [com.yejin.springboot.web.IndexControllerTest]
02:03:55.093 [Test worker] DEBUG org.springframework.context.annotation.ClassPathScanningCandidateComponentProvider - Identified candidate component class: file [C:\IntelliJ\springboot-webservice\build\classes\java\main\com\yejin\springboot\Application.class]
02:03:55.093 [Test worker] INFO org.springframework.boot.test.context.SpringBootTestContextBootstrapper - Found @SpringBootConfiguration com.yejin.springboot.Application for test class com.yejin.springboot.web.IndexControllerTest
02:03:55.206 [Test worker] DEBUG org.springframework.boot.test.context.SpringBootTestContextBootstrapper - @TestExecutionListeners is not present for class [com.yejin.springboot.web.IndexControllerTest]: using defaults.
02:03:55.206 [Test worker] INFO org.springframework.boot.test.context.SpringBootTestContextBootstrapper - Loaded default TestExecutionListener class names from location [META-INF/spring.factories]: [org.springframework.security.test.context.support.WithSecurityContextTestExecutionListener, org.springframework.security.test.context.support.ReactorContextTestExecutionListener, org.springframework.boot.test.autoconfigure.restdocs.RestDocsTestExecutionListener, org.springframework.boot.test.autoconfigure.web.client.MockRestServiceServerResetTestExecutionListener, org.springframework.boot.test.autoconfigure.web.servlet.MockMvcPrintOnlyOnFailureTestExecutionListener, org.springframework.boot.test.autoconfigure.web.servlet.WebDriverTestExecutionListener, org.springframework.boot.test.mock.mockito.MockitoTestExecutionListener, org.springframework.boot.test.mock.mockito.ResetMocksTestExecutionListener, org.springframework.test.context.web.ServletTestExecutionListener, org.springframework.test.context.support.DirtiesContextBeforeModesTestExecutionListener, org.springframework.test.context.support.DependencyInjectionTestExecutionListener, org.springframework.test.context.support.DirtiesContextTestExecutionListener, org.springframework.test.context.transaction.TransactionalTestExecutionListener, org.springframework.test.context.jdbc.SqlScriptsTestExecutionListener, org.springframework.test.context.event.EventPublishingTestExecutionListener]
02:03:55.239 [Test worker] INFO org.springframework.boot.test.context.SpringBootTestContextBootstrapper - Using TestExecutionListeners: [org.springframework.test.context.web.ServletTestExecutionListener@1459e783, org.springframework.test.context.support.DirtiesContextBeforeModesTestExecutionListener@3df6b4ac, org.springframework.boot.test.mock.mockito.MockitoTestExecutionListener@51eecac9, org.springframework.boot.test.autoconfigure.SpringBootDependencyInjectionTestExecutionListener@36daa858, org.springframework.test.context.support.DirtiesContextTestExecutionListener@6de434ff, org.springframework.test.context.transaction.TransactionalTestExecutionListener@653fbe3b, org.springframework.test.context.jdbc.SqlScriptsTestExecutionListener@422098d7, org.springframework.security.test.context.support.WithSecurityContextTestExecutionListener@215b60a3, org.springframework.test.context.event.EventPublishingTestExecutionListener@6d54fbbb, org.springframework.security.test.context.support.ReactorContextTestExecutionListener@75824e4c, org.springframework.boot.test.autoconfigure.restdocs.RestDocsTestExecutionListener@3322960b, org.springframework.boot.test.autoconfigure.web.client.MockRestServiceServerResetTestExecutionListener@4906a6b4, org.springframework.boot.test.autoconfigure.web.servlet.MockMvcPrintOnlyOnFailureTestExecutionListener@3c5150c, org.springframework.boot.test.autoconfigure.web.servlet.WebDriverTestExecutionListener@64d2db16, org.springframework.boot.test.mock.mockito.ResetMocksTestExecutionListener@43e78b49]
02:03:55.239 [Test worker] DEBUG org.springframework.test.annotation.ProfileValueUtils - Retrieved @ProfileValueSourceConfiguration [null] for test class [com.yejin.springboot.web.IndexControllerTest]
02:03:55.239 [Test worker] DEBUG org.springframework.test.annotation.ProfileValueUtils - Retrieved ProfileValueSource type [class org.springframework.test.annotation.SystemProfileValueSource] for class [com.yejin.springboot.web.IndexControllerTest]
02:03:55.247 [Test worker] DEBUG org.springframework.test.annotation.ProfileValueUtils - Retrieved @ProfileValueSourceConfiguration [null] for test class [com.yejin.springboot.web.IndexControllerTest]
02:03:55.247 [Test worker] DEBUG org.springframework.test.annotation.ProfileValueUtils - Retrieved ProfileValueSource type [class org.springframework.test.annotation.SystemProfileValueSource] for class [com.yejin.springboot.web.IndexControllerTest]
02:03:55.247 [Test worker] DEBUG org.springframework.test.context.support.AbstractDirtiesContextTestExecutionListener - Before test class: context [DefaultTestContext@5fb37a5d testClass = IndexControllerTest, testInstance = [null], testMethod = [null], testException = [null], mergedContextConfiguration = [WebMergedContextConfiguration@3026a7d testClass = IndexControllerTest, locations = '{}', classes = '{class com.yejin.springboot.Application}', contextInitializerClasses = '[]', activeProfiles = '{}', propertySourceLocations = '{}', propertySourceProperties = '{org.springframework.boot.test.context.SpringBootTestContextBootstrapper=true, server.port=0}', contextCustomizers = set[org.springframework.boot.test.autoconfigure.properties.PropertyMappingContextCustomizer@0, org.springframework.boot.test.autoconfigure.web.servlet.WebDriverContextCustomizerFactory$Customizer@5cac5b1f, org.springframework.boot.test.context.filter.ExcludeFilterContextCustomizer@37fc047f, org.springframework.boot.test.json.DuplicateJsonObjectContextCustomizerFactory$DuplicateJsonObjectContextCustomizer@5d0ca338, org.springframework.boot.test.mock.mockito.MockitoContextCustomizer@0, org.springframework.boot.test.web.client.TestRestTemplateContextCustomizer@49d0b0c5], resourceBasePath = 'src/main/webapp', contextLoader = 'org.springframework.boot.test.context.SpringBootContextLoader', parent = [null]], attributes = map['org.springframework.test.context.web.ServletTestExecutionListener.activateListener' -> false]], class annotated with @DirtiesContext [false] with mode [null].
02:03:55.247 [Test worker] DEBUG org.springframework.test.annotation.ProfileValueUtils - Retrieved @ProfileValueSourceConfiguration [null] for test class [com.yejin.springboot.web.IndexControllerTest]
02:03:55.247 [Test worker] DEBUG org.springframework.test.annotation.ProfileValueUtils - Retrieved ProfileValueSource type [class org.springframework.test.annotation.SystemProfileValueSource] for class [com.yejin.springboot.web.IndexControllerTest]
02:03:55.247 [Test worker] DEBUG org.springframework.test.context.support.DependencyInjectionTestExecutionListener - Performing dependency injection for test context [[DefaultTestContext@5fb37a5d testClass = IndexControllerTest, testInstance = com.yejin.springboot.web.IndexControllerTest@37891d35, testMethod = [null], testException = [null], mergedContextConfiguration = [WebMergedContextConfiguration@3026a7d testClass = IndexControllerTest, locations = '{}', classes = '{class com.yejin.springboot.Application}', contextInitializerClasses = '[]', activeProfiles = '{}', propertySourceLocations = '{}', propertySourceProperties = '{org.springframework.boot.test.context.SpringBootTestContextBootstrapper=true, server.port=0}', contextCustomizers = set[org.springframework.boot.test.autoconfigure.properties.PropertyMappingContextCustomizer@0, org.springframework.boot.test.autoconfigure.web.servlet.WebDriverContextCustomizerFactory$Customizer@5cac5b1f, org.springframework.boot.test.context.filter.ExcludeFilterContextCustomizer@37fc047f, org.springframework.boot.test.json.DuplicateJsonObjectContextCustomizerFactory$DuplicateJsonObjectContextCustomizer@5d0ca338, org.springframework.boot.test.mock.mockito.MockitoContextCustomizer@0, org.springframework.boot.test.web.client.TestRestTemplateContextCustomizer@49d0b0c5], resourceBasePath = 'src/main/webapp', contextLoader = 'org.springframework.boot.test.context.SpringBootContextLoader', parent = [null]], attributes = map['org.springframework.test.context.web.ServletTestExecutionListener.activateListener' -> false]]].
02:03:55.280 [Test worker] DEBUG org.springframework.test.context.support.TestPropertySourceUtils - Adding inlined properties to environment: {spring.jmx.enabled=false, org.springframework.boot.test.context.SpringBootTestContextBootstrapper=true, server.port=0}

  .   ____          _            __ _ _
 /\\ / ___'_ __ _ _(_)_ __  __ _ \ \ \ \
( ( )\___ | '_ | '_| | '_ \/ _` | \ \ \ \
 \\/  ___)| |_)| | | | | || (_| |  ) ) ) )
  '  |____| .__|_| |_|_| |_\__, | / / / /
 =========|_|==============|___/=/_/_/_/
 :: Spring Boot ::        (v2.2.0.RELEASE)

2022-05-02 02:03:55.615  INFO 17172 --- [    Test worker] c.y.springboot.web.IndexControllerTest   : Starting IndexControllerTest on DESKTOP-49QS9UP with PID 17172 (started by YEJIN in C:\IntelliJ\springboot-webservice)
2022-05-02 02:03:55.615  INFO 17172 --- [    Test worker] c.y.springboot.web.IndexControllerTest   : No active profile set, falling back to default profiles: default
2022-05-02 02:03:56.723  INFO 17172 --- [    Test worker] .s.d.r.c.RepositoryConfigurationDelegate : Bootstrapping Spring Data repositories in DEFAULT mode.
2022-05-02 02:03:56.853  INFO 17172 --- [    Test worker] .s.d.r.c.RepositoryConfigurationDelegate : Finished Spring Data repository scanning in 108ms. Found 2 repository interfaces.
2022-05-02 02:03:57.611  INFO 17172 --- [    Test worker] trationDelegate$BeanPostProcessorChecker : Bean 'org.springframework.transaction.annotation.ProxyTransactionManagementConfiguration' of type [org.springframework.transaction.annotation.ProxyTransactionManagementConfiguration] is not eligible for getting processed by all BeanPostProcessors (for example: not eligible for auto-proxying)
2022-05-02 02:03:58.105  INFO 17172 --- [    Test worker] o.s.b.w.embedded.tomcat.TomcatWebServer  : Tomcat initialized with port(s): 0 (http)
2022-05-02 02:03:58.121  INFO 17172 --- [    Test worker] o.apache.catalina.core.StandardService   : Starting service [Tomcat]
2022-05-02 02:03:58.121  INFO 17172 --- [    Test worker] org.apache.catalina.core.StandardEngine  : Starting Servlet engine: [Apache Tomcat/9.0.27]
2022-05-02 02:03:58.300  INFO 17172 --- [    Test worker] o.a.c.c.C.[Tomcat].[localhost].[/]       : Initializing Spring embedded WebApplicationContext
2022-05-02 02:03:58.300  INFO 17172 --- [    Test worker] o.s.web.context.ContextLoader            : Root WebApplicationContext: initialization completed in 2669 ms
2022-05-02 02:03:58.482  INFO 17172 --- [    Test worker] com.zaxxer.hikari.HikariDataSource       : HikariPool-1 - Starting...
2022-05-02 02:03:58.868  INFO 17172 --- [    Test worker] com.zaxxer.hikari.HikariDataSource       : HikariPool-1 - Start completed.
2022-05-02 02:03:58.868  INFO 17172 --- [    Test worker] o.s.b.a.h2.H2ConsoleAutoConfiguration    : H2 console available at '/h2-console'. Database available at 'jdbc:h2:mem:testdb'
2022-05-02 02:03:59.332  INFO 17172 --- [    Test worker] o.hibernate.jpa.internal.util.LogHelper  : HHH000204: Processing PersistenceUnitInfo [name: default]
2022-05-02 02:03:59.527  INFO 17172 --- [    Test worker] org.hibernate.Version                    : HHH000412: Hibernate Core {5.4.6.Final}
2022-05-02 02:03:59.916  INFO 17172 --- [    Test worker] o.hibernate.annotations.common.Version   : HCANN000001: Hibernate Commons Annotations {5.1.0.Final}
2022-05-02 02:04:00.097  INFO 17172 --- [    Test worker] org.hibernate.dialect.Dialect            : HHH000400: Using dialect: org.hibernate.dialect.MySQL5InnoDBDialect
Hibernate: drop table if exists posts
Hibernate: drop table if exists user
Hibernate: create table posts (id bigint not null auto_increment, created_date datetime, modified_date datetime, author varchar(255), content TEXT not null, title varchar(500) not null, primary key (id)) engine=InnoDB
Hibernate: create table user (id bigint not null auto_increment, created_date datetime, modified_date datetime, email varchar(255) not null, name varchar(255) not null, pictures varchar(255), role varchar(255) not null, primary key (id)) engine=InnoDB
2022-05-02 02:04:01.190  INFO 17172 --- [    Test worker] o.h.e.t.j.p.i.JtaPlatformInitiator       : HHH000490: Using JtaPlatform implementation: [org.hibernate.engine.transaction.jta.platform.internal.NoJtaPlatform]
2022-05-02 02:04:01.196  INFO 17172 --- [    Test worker] j.LocalContainerEntityManagerFactoryBean : Initialized JPA EntityManagerFactory for persistence unit 'default'
2022-05-02 02:04:02.334  WARN 17172 --- [    Test worker] JpaBaseConfiguration$JpaWebConfiguration : spring.jpa.open-in-view is enabled by default. Therefore, database queries may be performed during view rendering. Explicitly configure spring.jpa.open-in-view to disable this warning
2022-05-02 02:04:03.496  INFO 17172 --- [    Test worker] o.s.s.web.DefaultSecurityFilterChain     : Creating filter chain: any request, [org.springframework.security.web.context.request.async.WebAsyncManagerIntegrationFilter@da73790, org.springframework.security.web.context.SecurityContextPersistenceFilter@3a9853a0, org.springframework.security.web.header.HeaderWriterFilter@3ff413eb, org.springframework.security.web.authentication.logout.LogoutFilter@674bdca9, org.springframework.security.oauth2.client.web.OAuth2AuthorizationRequestRedirectFilter@1311a808, org.springframework.security.oauth2.client.web.OAuth2LoginAuthenticationFilter@69147ff1, org.springframework.security.web.authentication.ui.DefaultLoginPageGeneratingFilter@5469f80b, org.springframework.security.web.authentication.ui.DefaultLogoutPageGeneratingFilter@ee83725, org.springframework.security.web.savedrequest.RequestCacheAwareFilter@19100d41, org.springframework.security.web.servletapi.SecurityContextHolderAwareRequestFilter@379cd36e, org.springframework.security.web.authentication.AnonymousAuthenticationFilter@3de9a6a1, org.springframework.security.web.session.SessionManagementFilter@400709ed, org.springframework.security.web.access.ExceptionTranslationFilter@3e01b816, org.springframework.security.web.access.intercept.FilterSecurityInterceptor@6d61b088]
2022-05-02 02:04:03.973  INFO 17172 --- [    Test worker] o.s.s.concurrent.ThreadPoolTaskExecutor  : Initializing ExecutorService 'applicationTaskExecutor'
2022-05-02 02:04:04.127  INFO 17172 --- [    Test worker] o.s.b.a.w.s.WelcomePageHandlerMapping    : Adding welcome page template: index
2022-05-02 02:04:04.658  INFO 17172 --- [    Test worker] s.a.ScheduledAnnotationBeanPostProcessor : No TaskScheduler/ScheduledExecutorService bean found for scheduled processing
2022-05-02 02:04:04.706  INFO 17172 --- [    Test worker] o.s.b.w.embedded.tomcat.TomcatWebServer  : Tomcat started on port(s): 61652 (http) with context path ''
2022-05-02 02:04:04.706  INFO 17172 --- [    Test worker] c.y.springboot.web.IndexControllerTest   : Started IndexControllerTest in 9.431 seconds (JVM running for 11.393)
2022-05-02 02:04:05.159  INFO 17172 --- [o-auto-1-exec-2] o.a.c.c.C.[Tomcat].[localhost].[/]       : Initializing Spring DispatcherServlet 'dispatcherServlet'
2022-05-02 02:04:05.159  INFO 17172 --- [o-auto-1-exec-2] o.s.web.servlet.DispatcherServlet        : Initializing Servlet 'dispatcherServlet'
2022-05-02 02:04:05.193  INFO 17172 --- [o-auto-1-exec-2] o.s.web.servlet.DispatcherServlet        : Completed initialization in 34 ms
Hibernate: select posts0_.id as id1_0_, posts0_.created_date as created_2_0_, posts0_.modified_date as modified3_0_, posts0_.author as author4_0_, posts0_.content as content5_0_, posts0_.title as title6_0_ from posts posts0_ order by posts0_.id DESC
]]></system-out>
  <system-err><![CDATA[]]></system-err>
</testsuite>
